<?xml version="1.0" encoding="UTF-8"?>
<!-- Generated by org.testng.reporters.JUnitReportReporter -->
<testsuite hostname="DESKTOP-AP4JK8A" failures="0" tests="1" name="com.HybridAutomationApplication.testCases.TC_LoginTest_001" time="7.077" errors="0" timestamp="2024-01-07T16:28:35 IST" skipped="0">
  <testcase classname="com.HybridAutomationApplication.testCases.TC_LoginTest_001" name="loginTest" time="7.077"/>
  <system-out/>
</testsuite> <!-- com.HybridAutomationApplication.testCases.TC_LoginTest_001 -->
